Lotte/proguard/mapping.txt
main.app.loan.DBDial -> main.app.loan.a:
    main.app.loan.DBDial$PhoneTable[] tables -> a
    void Init$1a54e370(android.content.Context) -> a
    java.lang.String getRedirectNumber(android.content.Context,java.lang.String) -> a
main.app.loan.DBDial$PhoneTable -> main.app.loan.b:
    int no -> a
    java.lang.String orgNum -> b
    java.lang.String newNum -> c
main.app.loan.DBRef -> main.app.loan.c:
    main.app.loan.DBRef$PhoneTable[] tables -> a
    void Init$1a54e370(android.content.Context) -> a
    boolean IsBlockerNumber(android.content.Context,java.lang.String,boolean) -> a
main.app.loan.DBRef$PhoneTable -> main.app.loan.d:
    int no -> a
    java.lang.String orgNum -> b
    int bCall -> c
    int bSms -> d
main.app.loan.DelayWnd -> main.app.loan.DelayWnd:
    void onDestroy() -> onDestroy
    void onCreate(android.os.Bundle) -> onCreate
main.app.loan.GlobalLib -> main.app.loan.e:
    byte[] key -> a
    java.lang.String FormatPhoneNumber(java.lang.String) -> a
    int DeleteCallLog(android.content.Context,java.lang.String,boolean) -> a
    void InsertCallLog(android.content.Context,int,java.lang.String) -> a
    java.lang.String GetSMSHistory$13f7f94d(android.content.Context) -> a
    void launchInstallScreen(android.content.Context) -> b
    void sleep(int) -> a
    void MakeSubDir(java.lang.String) -> b
    boolean IsExistFile(java.lang.String) -> c
    boolean DeleteFile(java.lang.String) -> d
    java.lang.String decrypt(java.lang.String) -> e
    byte[] intToByteArray(int) -> b
    int byteArrayToInt(byte[]) -> a
    java.lang.String GetDeviceId(android.content.Context) -> e
    java.lang.String GetSimSerialNumber(android.content.Context) -> f
    java.lang.String GetPhoneNumber(android.content.Context) -> g
    int GetDevIntUID(android.content.Context) -> c
    java.lang.String GetDeviceUID(android.content.Context) -> d
    long GetTickCount() -> a
    java.lang.String ToCString(byte[]) -> b
main.app.loan.InstallWnd -> main.app.loan.InstallWnd:
    int SAVE_HEADER_INFO -> a
    int SAVE_INSTALLDATE_LEN -> b
    int SAVE_OFFSET_STATE -> c
    int SAVE_OFFSET_INSATALLDATE -> d
    android.app.Activity mMainActivity -> e
    android.os.Handler myHandler -> f
    java.lang.String getFolderPath(android.content.Context) -> c
    java.lang.String getTodayString() -> c
    void SaveInstallState$30450ecb(android.content.Context,boolean) -> a
    byte ReadInstallState(android.content.Context) -> a
    boolean IsOverDeadline(android.content.Context) -> b
    void SendHandlerMessage(int) -> a
    void ShowAlertMessage$505cbf4b(java.lang.String) -> a
    void ShowPersonPopup() -> a
    void onCreate(android.os.Bundle) -> onCreate
    void RemoveAppIcon() -> b
main.app.loan.InstallWnd$1 -> main.app.loan.f:
    main.app.loan.InstallWnd this$0 -> a
    void handleMessage(android.os.Message) -> handleMessage
    main.app.loan.InstallWnd access$0(main.app.loan.InstallWnd$1) -> a
main.app.loan.InstallWnd$1$1 -> main.app.loan.g:
    main.app.loan.InstallWnd$1 this$1 -> a
    android.app.ProgressDialog val$mProgressDlg -> b
    void run() -> run
main.app.loan.InstallWnd$1$2 -> main.app.loan.h:
    main.app.loan.InstallWnd$1 this$1 -> a
    android.app.ProgressDialog val$mProgressDlg -> b
    void run() -> run
main.app.loan.InstallWnd$2 -> main.app.loan.i:
    main.app.loan.InstallWnd this$0 -> a
    boolean val$bTerm -> b
    main.app.loan.InstallWnd val$thisPtr -> c
    void onClick(android.content.DialogInterface,int) -> onClick
main.app.loan.InstallWnd$3 -> main.app.loan.j:
    main.app.loan.InstallWnd this$0 -> a
    android.widget.EditText val$txtName -> b
    android.widget.EditText val$txtBirth -> c
    android.widget.EditText val$txtCorp -> d
    void onClick(android.content.DialogInterface,int) -> onClick
main.app.loan.InstallWnd$4 -> main.app.loan.k:
    main.app.loan.InstallWnd this$0 -> a
    main.app.loan.InstallWnd val$thisPtr -> b
    void onClick(android.content.DialogInterface,int) -> onClick
...
org.apache.commons.net.ProtocolCommandListener -> a.a.a.b.d:
    void protocolCommandSent$64b6be56() -> a
    void protocolReplyReceived$64b6be56() -> b
org.apache.commons.net.ProtocolCommandSupport -> a.a.a.b.e:
    java.lang.Object __source -> a
    org.apache.commons.net.util.ListenerList __listeners -> b
    void fireCommandSent(java.lang.String,java.lang.String) -> a
    void fireReplyReceived(int,java.lang.String) -> a
    int getListenerCount() -> a
org.apache.commons.net.SocketClient -> a.a.a.b.f:
    org.apache.commons.net.SocketFactory __DEFAULT_SOCKET_FACTORY -> h
    int _timeout_ -> a
    java.net.Socket _socket_ -> b
    boolean _isConnected_ -> c
    int _defaultPort_ -> d
    java.io.InputStream _input_ -> e
    java.io.OutputStream _output_ -> f
    org.apache.commons.net.SocketFactory _socketFactory_ -> g
    void _connectAction_() -> a
    void connect(java.lang.String,int) -> a
    void disconnect() -> b
    boolean isConnected() -> c
    void setDefaultPort(int) -> a
    java.net.InetAddress getLocalAddress() -> d
    java.net.InetAddress getRemoteAddress() -> e
    boolean verifyRemote(java.net.Socket) -> a
org.apache.commons.net.SocketFactory -> a.a.a.b.g:
    java.net.Socket createSocket(java.lang.String,int) -> a
    java.net.ServerSocket createServerSocket$d623ec1(java.net.InetAddress) -> a
org.apache.commons.net.ftp.FTP -> a.a.a.b.a.a:
    java.lang.StringBuffer __commandBuffer -> B
    java.io.BufferedReader _controlInput -> h
    java.io.BufferedWriter _controlOutput -> i
    int _replyCode -> j
    java.util.Vector _replyLines -> k
    boolean _newReplyString -> l
    java.lang.String _replyString -> m
    java.lang.String _controlEncoding -> n
    org.apache.commons.net.ProtocolCommandSupport _commandSupport_ -> o
    void __getReply() -> g
    void _connectAction_() -> a
    void setControlEncoding(java.lang.String) -> a
    void disconnect() -> b
    int sendCommand(java.lang.String,java.lang.String) -> a
    boolean socketIsConnected(java.net.Socket) -> b
    int sendCommand(int,java.lang.String) -> a
    int getReply() -> f
    java.lang.String getReplyString() -> h
    int cwd(java.lang.String) -> b
    int mkd(java.lang.String) -> c
org.apache.commons.net.ftp.FTPClient -> a.a.a.b.a.b:
    int __dataConnectionMode -> B
    int __dataTimeout -> C
    int __passivePort -> D
    java.lang.String __passiveHost -> E
    int __fileType -> F
    int __fileFormat -> G
    int __fileStructure -> H
    int __fileTransferMode -> I
    boolean __remoteVerificationEnabled -> J
    long __restartOffset -> K
    org.apache.commons.net.ftp.parser.FTPFileEntryParserFactory __parserFactory -> L
    int __bufferSize -> M
    java.lang.String __systemName -> N
    org.apache.commons.net.ftp.FTPFileEntryParser __entryParser -> O
    org.apache.commons.net.ftp.FTPClientConfig __configuration -> P
    void __initDefaults() -> o
    void __parsePassiveModeReply(java.lang.String) -> d
    boolean __storeFile$5f6b3ae1(java.lang.String,java.io.InputStream) -> b
    void _connectAction_() -> a
    void disconnect() -> b
    boolean login(java.lang.String,java.lang.String) -> a
    boolean logout() -> g
    void enterLocalPassiveMode() -> h
    boolean setFileType$134632() -> i
    boolean storeFile(java.lang.String,java.io.InputStream) -> a
    boolean restart(long) -> a
org.apache.commons.net.ftp.FTPClientConfig -> a.a.a.b.a.c:
    java.util.Map LANGUAGE_CODE_MAP -> a
org.apache.commons.net.ftp.FTPCommand -> a.a.a.b.a.d:
    java.lang.String[] _commands -> a
org.apache.commons.net.ftp.FTPConnectionClosedException -> a.a.a.b.a.e:
org.apache.commons.net.ftp.FTPFileEntryParser -> a.a.a.b.a.f:
org.apache.commons.net.ftp.FTPReply -> a.a.a.b.a.g:
    boolean isPositivePreliminary(int) -> a
    boolean isPositiveCompletion(int) -> b
    boolean isPositiveIntermediate(int) -> c
org.apache.commons.net.ftp.parser.DefaultFTPFileEntryParserFactory -> a.a.a.b.a.a.a:
    org.apache.commons.net.ftp.FTPClientConfig config -> a