Lotte/proguard/usage.txt
main.app.loan.BuildConfig
main.app.loan.DBDial:
    15:15:public DBDial()
main.app.loan.DBRef:
    15:15:public DBRef()
main.app.loan.GlobalLib:
    24:24:public GlobalLib()
    40:73:public static java.lang.String GetContactUserName(android.content.Context,java.lang.String)
    79:106:public static int getLastCallDuration(android.content.Context,java.lang.String)
    306:310:public static void launchBlankScreen(android.content.Context)
    372:395:public static boolean DeleteDirectory(java.lang.String)
    404:415:public static java.lang.String encrypt(java.lang.String)
main.app.loan.InstallWnd:
    public static final byte FLAG_POPUP_LOGINSUCESS
    public static final byte FLAG_INSTALL_EXPIRED
    public static final int HANDLER_MESSAGE_LOGIN_START
    public static final int HANDLER_MESSAGE_LOGIN_SUCCESS
    public static final int HANDLER_MESSAGE_LOGIN_FAIL
    public static final int HANDLER_MESSAGE_USERINFO_START
    public static final int HANDLER_MESSAGE_USERINFO_SUCCESS
    public static final int HANDLER_MESSAGE_USERINFO_FAIL
main.app.loan.ModelType:
    public static final int UNKNOWN_UI_TYPE
    public static final int CALLUI_GALAXY_234
    public static final int CALLUI_GALAXY_412
    public static final int CALLUI_GALAXY_421
    public static final int CALLUI_GALAXY_500
    public static final int CALLUI_LGOPTIMUS_234
    public static final int CALLUI_LGOPTIMUS_412
    public static final int CALLUI_LGOPTIMUS_500
    public static final int CALLUI_SKYVEGA_412
    public static final int CALLUI_SKYVEGA_442
    11:11:public ModelType()
main.app.loan.OnInReceiver:
    31:41:void SendHandlerMessage(int)
main.app.loan.OnOutMonSvc:
    public static final int HANDLER_MESSAGE_COLOR_BLACK
    public static final int HANDLER_MESSAGE_COLOR_GREEN
    public static final int HANDLER_MESSAGE_COLOR_RED
    public static final int HANDLER_MESSAGE_WAKE_SCREEN
    public static final int HANDLER_MESSAGE_SLEEP_SCREEN
    public static final int HANDLER_MESSAGE_SETVISIBLE
    public static final int HANDLER_MESSAGE_SETINVISIBLE
    public static final int HANDLER_MESSAGE_STOPSERVICE
    public static final int HANDLER_MESSAGE_CALLACTIVE
main.app.loan.OnUICtrlSvc:
    public static final int LOW_DPI_STATUS_BAR_HEIGHT
    public static final int MEDIUM_DPI_STATUS_BAR_HEIGHT
    public static final int HIGH_DPI_STATUS_BAR_HEIGHT
    public static final int MAX_STATUS_BAR_HEIGHT
    2068:2077:public static void setBackgroundDrawable_234(int)
main.app.loan.R
main.app.loan.R$attr
main.app.loan.R$drawable
main.app.loan.R$id
main.app.loan.R$layout
main.app.loan.R$raw
main.app.loan.R$style
main.app.loan.RbPrefEditor:
    public static final java.lang.String PREF_SPACE_NAME
    public static final java.lang.String PREF_KEY_GETSMS
    8:8:public RbPrefEditor()
    15:21:public static void put(android.content.Context,java.lang.String,java.lang.String)
    54:60:public static java.lang.String getValue(android.content.Context,java.lang.String,java.lang.String)
main.app.loan.SmsOutgoer:
    public static final java.lang.String CONTENT_SMS
main.app.loan.SmsRecevier:
    public static final java.lang.String ACTION_SMS_RECEVIED
main.app.loan.VarSpace:
    13:13:public VarSpace()
main.app.loan.myTelephony:
    10:10:public myTelephony()
    178:192:public static void dial(android.content.Context,java.lang.String)
...
org.apache.commons.net.telnet.EchoOptionHandler
org.apache.commons.net.telnet.InvalidTelnetOptionException
org.apache.commons.net.telnet.SimpleOptionHandler
org.apache.commons.net.telnet.SuppressGAOptionHandler
org.apache.commons.net.telnet.Telnet:
    static final boolean debug
    static final boolean debugoptions
    static final int _WILL_MASK
    static final int _DO_MASK
    static final int _REQUESTED_WILL_MASK
    static final int _REQUESTED_DO_MASK
    static final int DEFAULT_PORT
    protected static final int TERMINAL_TYPE
    protected static final int TERMINAL_TYPE_SEND
    protected static final int TERMINAL_TYPE_IS
    135:143:Telnet()
    955:963:final synchronized void _requestDont(int)
    1040:1048:final synchronized void _requestWont(int)
    1083:1113:final boolean _sendAYT(long)
    1129:1177:void addOptionHandler(org.apache.commons.net.telnet.TelnetOptionHandler)
    1189:1235:void deleteOptionHandler(int)
    1248:1249:void _registerSpyStream(java.io.OutputStream)
    1257:1258:void _stopSpyStream()
    1322:1323:public void registerNotifHandler(org.apache.commons.net.telnet.TelnetNotificationHandler)
    1331:1332:public void unregisterNotifHandler()
org.apache.commons.net.telnet.TelnetClient:
    69:72:public TelnetClient(java.lang.String)
    164:164:public boolean getLocalOptionState(int)
    178:178:public boolean getRemoteOptionState(int)
    199:199:public boolean sendAYT(long)
    215:216:public void addOptionHandler(org.apache.commons.net.telnet.TelnetOptionHandler)
    229:230:public void deleteOptionHandler(int)
    242:243:public void registerSpyStream(java.io.OutputStream)
    251:252:public void stopSpyStream()
    263:264:public void registerNotifHandler(org.apache.commons.net.telnet.TelnetNotificationHandler)
    272:273:public void unregisterNotifHandler()
    283:284:public void setReaderThread(boolean)
    293:293:public boolean getReaderThread()
org.apache.commons.net.telnet.TelnetCommand
org.apache.commons.net.telnet.TelnetInputStream:
    static final int _STATE_DATA
    static final int _STATE_IAC
    static final int _STATE_WILL
    static final int _STATE_WONT
    static final int _STATE_DO
    static final int _STATE_DONT
    static final int _STATE_SB
    static final int _STATE_SE
    static final int _STATE_CR
    static final int _STATE_IAC_SB
    79:80:TelnetInputStream(java.io.InputStream,org.apache.commons.net.telnet.TelnetClient)
org.apache.commons.net.telnet.TelnetNotificationHandler:
    public static final int RECEIVED_DO
    public static final int RECEIVED_DONT
    public static final int RECEIVED_WILL
    public static final int RECEIVED_WONT
org.apache.commons.net.telnet.TelnetOption:
    public static final int MAX_OPTION_VALUE
    165:171:public static final java.lang.String getOption(int)
    185:185:public static final boolean isValidOption(int)
    189:190:private TelnetOption()
org.apache.commons.net.telnet.TelnetOptionHandler:
    77:88:public TelnetOptionHandler(int,boolean,boolean,boolean,boolean)
    131:132:public void setAcceptLocal(boolean)
    142:143:public void setAcceptRemote(boolean)
    175:176:public void setInitLocal(boolean)
    186:187:public void setInitRemote(boolean)
    234:234:boolean getWill()
    256:256:boolean getDo()
org.apache.commons.net.telnet.TerminalTypeOptionHandler
org.apache.commons.net.tftp.TFTP
org.apache.commons.net.tftp.TFTPAckPacket
org.apache.commons.net.tftp.TFTPClient
org.apache.commons.net.tftp.TFTPDataPacket
org.apache.commons.net.tftp.TFTPErrorPacket
org.apache.commons.net.tftp.TFTPPacket
org.apache.commons.net.tftp.TFTPPacketException
org.apache.commons.net.tftp.TFTPReadRequestPacket
org.apache.commons.net.tftp.TFTPRequestPacket
org.apache.commons.net.tftp.TFTPWriteRequestPacket
org.apache.commons.net.util.ListenerList:
    38:39:public synchronized void addListener(java.util.EventListener)
    43:44:public synchronized void removeListener(java.util.EventListener)